<?xml version="1.0" encoding="UTF-8"?>
<testng-results skipped="0" failed="0" total="8" passed="8">
  <reporter-output>
  </reporter-output>
  <suite name="TestAll" duration-ms="105" started-at="2017-11-01T07:48:27Z" finished-at="2017-11-01T07:48:27Z">
    <groups>
    </groups>
    <test name="com.wxk.org" duration-ms="105" started-at="2017-11-01T07:48:27Z" finished-at="2017-11-01T07:48:27Z">
      <class name="com.cn.TestApi">
        <test-method status="PASS" signature="Test1()[pri:0, instance:com.cn.TestApi@1412c2f]" name="Test1" duration-ms="3" started-at="2017-11-01T15:48:27Z" finished-at="2017-11-01T15:48:27Z">
          <reporter-output>
          </reporter-output>
        </test-method> <!-- Test1 -->
        <test-method status="PASS" signature="Test2()[pri:0, instance:com.cn.TestApi@1412c2f]" name="Test2" duration-ms="2" started-at="2017-11-01T15:48:27Z" finished-at="2017-11-01T15:48:27Z">
          <reporter-output>
          </reporter-output>
        </test-method> <!-- Test2 -->
        <test-method status="PASS" signature="Test3()[pri:0, instance:com.cn.TestApi@1412c2f]" name="Test3" duration-ms="1" started-at="2017-11-01T15:48:27Z" finished-at="2017-11-01T15:48:27Z">
          <reporter-output>
          </reporter-output>
        </test-method> <!-- Test3 -->
        <test-method status="PASS" signature="Test4()[pri:0, instance:com.cn.TestApi@1412c2f]" name="Test4" duration-ms="1" started-at="2017-11-01T15:48:27Z" finished-at="2017-11-01T15:48:27Z">
          <reporter-output>
          </reporter-output>
        </test-method> <!-- Test4 -->
      </class> <!-- com.cn.TestApi -->
      <class name="com.cn.TestHelloword">
        <test-method status="PASS" signature="TestABC()[pri:0, instance:com.cn.TestHelloword@15f2bb7]" name="TestABC" duration-ms="1" started-at="2017-11-01T15:48:27Z" finished-at="2017-11-01T15:48:27Z">
          <reporter-output>
          </reporter-output>
        </test-method> <!-- TestABC -->
        <test-method status="PASS" signature="TestABd()[pri:0, instance:com.cn.TestHelloword@15f2bb7]" name="TestABd" duration-ms="1" started-at="2017-11-01T15:48:27Z" finished-at="2017-11-01T15:48:27Z">
          <reporter-output>
          </reporter-output>
        </test-method> <!-- TestABd -->
      </class> <!-- com.cn.TestHelloword -->
      <class name="com.cn.TestHello">
        <test-method status="PASS" signature="Testdel()[pri:0, instance:com.cn.TestHello@13b6d03]" name="Testdel" duration-ms="1" started-at="2017-11-01T15:48:27Z" finished-at="2017-11-01T15:48:27Z">
          <reporter-output>
          </reporter-output>
        </test-method> <!-- Testdel -->
      </class> <!-- com.cn.TestHello -->
      <class name="com.cn.Testabc">
        <test-method status="PASS" signature="Testabc()[pri:0, instance:com.cn.Testabc@1ed40e0]" name="Testabc" duration-ms="51" started-at="2017-11-01T15:48:27Z" finished-at="2017-11-01T15:48:27Z">
          <reporter-output>
          </reporter-output>
        </test-method> <!-- Testabc -->
      </class> <!-- com.cn.Testabc -->
    </test> <!-- com.wxk.org -->
  </suite> <!-- TestAll -->
</testng-results>
