<?xml version="1.0" encoding="UTF-8"?>
<testng-results skipped="0" failed="0" total="1" passed="1">
  <reporter-output>
  </reporter-output>
  <suite name="Default suite" duration-ms="47" started-at="2017-11-01T03:22:12Z" finished-at="2017-11-01T03:22:12Z">
    <groups>
    </groups>
    <test name="Default test" duration-ms="47" started-at="2017-11-01T03:22:12Z" finished-at="2017-11-01T03:22:12Z">
      <class name="com.cn.Testabc">
        <test-method status="PASS" signature="Testabc()[pri:0, instance:com.cn.Testabc@170c109]" name="Testabc" duration-ms="21" started-at="2017-11-01T11:22:12Z" finished-at="2017-11-01T11:22:12Z">
          <reporter-output>
          </reporter-output>
        </test-method> <!-- Testabc -->
      </class> <!-- com.cn.Testabc -->
    </test> <!-- Default test -->
  </suite> <!-- Default suite -->
</testng-results>
